2024-10-16 13:33:16:             Logger             : Init[0m
2024-10-16 13:33:16:           LogMonitor           : Init[0m
2024-10-16 13:33:16:         VariableAcces          : Init[0m
2024-10-16 13:33:16:           LogMonitor           : Monitoring log file ...[0m
2024-10-16 13:33:16:         VariableAcces          : Finding log file ...[0m
2024-10-16 13:33:16: [31m        VariableAcces          : ERROR: Different than one log file found: 0 file(s)[0m
2024-10-16 13:33:17:         VariableAcces          : Finding log file ...[0m
2024-10-16 13:33:17: [31m        VariableAcces          : ERROR: Different than one log file found: 0 file(s)[0m
2024-10-16 13:33:18:         VariableAcces          : Finding log file ...[0m
2024-10-16 13:33:18: [31m        VariableAcces          : ERROR: Different than one log file found: 0 file(s)[0m
2024-10-16 13:33:19:         VariableAcces          : Finding log file ...[0m
2024-10-16 13:33:19: [31m        VariableAcces          : ERROR: Different than one log file found: 0 file(s)[0m
2024-10-16 13:33:20:         VariableAcces          : Finding log file ...[0m
2024-10-16 13:33:20: [31m        VariableAcces          : ERROR: Different than one log file found: 0 file(s)[0m
2024-10-16 13:33:21:         VariableAcces          : Finding log file ...[0m
2024-10-16 13:33:21: [31m        VariableAcces          : ERROR: Different than one log file found: 0 file(s)[0m
2024-10-16 13:33:22:         VariableAcces          : Finding log file ...[0m
2024-10-16 13:33:22: [31m        VariableAcces          : ERROR: Different than one log file found: 0 file(s)[0m
2024-10-16 13:33:23:         VariableAcces          : Finding log file ...[0m
2024-10-16 13:33:23: [31m        VariableAcces          : ERROR: Different than one log file found: 0 file(s)[0m
2024-10-16 13:33:24:         VariableAcces          : Finding log file ...[0m
2024-10-16 13:33:24: [31m        VariableAcces          : ERROR: Different than one log file found: 0 file(s)[0m
2024-10-16 13:33:25:         VariableAcces          : Finding log file ...[0m
2024-10-16 13:33:25: [31m        VariableAcces          : ERROR: Different than one log file found: 0 file(s)[0m
2024-10-16 13:33:26:         VariableAcces          : Finding log file ...[0m
2024-10-16 13:33:26: [31m        VariableAcces          : ERROR: Different than one log file found: 0 file(s)[0m
2024-10-16 13:33:27:         VariableAcces          : Finding log file ...[0m
2024-10-16 13:33:27: [31m        VariableAcces          : ERROR: Different than one log file found: 0 file(s)[0m
2024-10-16 13:33:28:         VariableAcces          : Finding log file ...[0m
2024-10-16 13:33:28: [31m        VariableAcces          : ERROR: Different than one log file found: 0 file(s)[0m
2024-10-16 13:33:29:         VariableAcces          : Finding log file ...[0m
2024-10-16 13:33:29: [31m        VariableAcces          : ERROR: Different than one log file found: 0 file(s)[0m
2024-10-16 13:33:30:         VariableAcces          : Finding log file ...[0m
2024-10-16 13:33:30: [31m        VariableAcces          : ERROR: Different than one log file found: 0 file(s)[0m
2024-10-16 13:33:31:         VariableAcces          : Finding log file ...[0m
2024-10-16 13:33:31: [31m        VariableAcces          : ERROR: Different than one log file found: 0 file(s)[0m
2024-10-16 13:33:32:         VariableAcces          : Finding log file ...[0m
2024-10-16 13:33:32: [31m        VariableAcces          : ERROR: Different than one log file found: 0 file(s)[0m
2024-10-16 13:33:33:         VariableAcces          : Finding log file ...[0m
2024-10-16 13:33:33: [31m        VariableAcces          : ERROR: Different than one log file found: 0 file(s)[0m
2024-10-16 13:33:34:         VariableAcces          : Finding log file ...[0m
2024-10-16 13:33:34: [31m        VariableAcces          : ERROR: Different than one log file found: 0 file(s)[0m
2024-10-16 13:33:35:         VariableAcces          : Finding log file ...[0m
2024-10-16 13:33:35: [31m        VariableAcces          : ERROR: Different than one log file found: 0 file(s)[0m
2024-10-16 13:33:36:         VariableAcces          : Finding log file ...[0m
2024-10-16 13:33:36: [31m        VariableAcces          : ERROR: Different than one log file found: 0 file(s)[0m
2024-10-16 13:33:37:         VariableAcces          : Finding log file ...[0m
2024-10-16 13:33:37: [31m        VariableAcces          : ERROR: Different than one log file found: 0 file(s)[0m
2024-10-16 13:33:38:         VariableAcces          : Finding log file ...[0m
2024-10-16 13:33:38: [31m        VariableAcces          : ERROR: Different than one log file found: 0 file(s)[0m
2024-10-16 13:33:39:         VariableAcces          : Finding log file ...[0m
2024-10-16 13:33:39: [31m        VariableAcces          : ERROR: Different than one log file found: 0 file(s)[0m
2024-10-16 13:33:40:         VariableAcces          : Finding log file ...[0m
2024-10-16 13:33:40: [31m        VariableAcces          : ERROR: Different than one log file found: 0 file(s)[0m
2024-10-16 13:33:41:         VariableAcces          : Finding log file ...[0m
2024-10-16 13:33:41: [31m        VariableAcces          : ERROR: Different than one log file found: 0 file(s)[0m
2024-10-16 13:33:42:         VariableAcces          : Finding log file ...[0m
2024-10-16 13:33:42: [31m        VariableAcces          : ERROR: Different than one log file found: 0 file(s)[0m
2024-10-16 13:33:43:         VariableAcces          : Finding log file ...[0m
2024-10-16 13:33:43: [31m        VariableAcces          : ERROR: Different than one log file found: 0 file(s)[0m
2024-10-16 13:33:44:         VariableAcces          : Finding log file ...[0m
2024-10-16 13:33:44: [31m        VariableAcces          : ERROR: Different than one log file found: 0 file(s)[0m
2024-10-16 13:33:45:         VariableAcces          : Finding log file ...[0m
2024-10-16 13:33:45: [31m        VariableAcces          : ERROR: Different than one log file found: 0 file(s)[0m
2024-10-16 13:33:46: [31m          LogMonitor           : Finding log file timeout[0m
