2024-10-16 13:28:02:             Logger             : Init[0m
2024-10-16 13:28:02:           LogMonitor           : Init[0m
2024-10-16 13:28:02:         VariableAcces          : Init[0m
2024-10-16 13:28:02:           LogMonitor           : Monitoring log file ...[0m
2024-10-16 13:28:02:         VariableAcces          : Finding log file ...[0m
2024-10-16 13:28:02: [31m        VariableAcces          : ERROR: Different than one log file found: 0 file(s)[0m
2024-10-16 13:28:03:         VariableAcces          : Finding log file ...[0m
2024-10-16 13:28:03: [31m        VariableAcces          : ERROR: Different than one log file found: 0 file(s)[0m
2024-10-16 13:28:04:         VariableAcces          : Finding log file ...[0m
2024-10-16 13:28:04: [31m        VariableAcces          : ERROR: Different than one log file found: 0 file(s)[0m
2024-10-16 13:28:05:         VariableAcces          : Finding log file ...[0m
2024-10-16 13:28:05: [31m        VariableAcces          : ERROR: Different than one log file found: 0 file(s)[0m
2024-10-16 13:28:06:         VariableAcces          : Finding log file ...[0m
2024-10-16 13:28:06: [31m        VariableAcces          : ERROR: Different than one log file found: 0 file(s)[0m
2024-10-16 13:28:07:         VariableAcces          : Finding log file ...[0m
2024-10-16 13:28:07: [31m        VariableAcces          : ERROR: Different than one log file found: 0 file(s)[0m
2024-10-16 13:28:08:         VariableAcces          : Finding log file ...[0m
2024-10-16 13:28:08: [31m        VariableAcces          : ERROR: Different than one log file found: 0 file(s)[0m
2024-10-16 13:28:09:         VariableAcces          : Finding log file ...[0m
2024-10-16 13:28:09: [31m        VariableAcces          : ERROR: Different than one log file found: 0 file(s)[0m
2024-10-16 13:28:10:         VariableAcces          : Finding log file ...[0m
2024-10-16 13:28:10: [31m        VariableAcces          : ERROR: Different than one log file found: 0 file(s)[0m
2024-10-16 13:28:11:         VariableAcces          : Finding log file ...[0m
2024-10-16 13:28:11: [31m        VariableAcces          : ERROR: Different than one log file found: 0 file(s)[0m
2024-10-16 13:28:12:         VariableAcces          : Finding log file ...[0m
2024-10-16 13:28:12: [31m        VariableAcces          : ERROR: Different than one log file found: 0 file(s)[0m
2024-10-16 13:28:13:         VariableAcces          : Finding log file ...[0m
2024-10-16 13:28:13: [31m        VariableAcces          : ERROR: Different than one log file found: 0 file(s)[0m
2024-10-16 13:28:14:         VariableAcces          : Finding log file ...[0m
2024-10-16 13:28:14: [31m        VariableAcces          : ERROR: Different than one log file found: 0 file(s)[0m
2024-10-16 13:28:15:         VariableAcces          : Finding log file ...[0m
2024-10-16 13:28:15: [31m        VariableAcces          : ERROR: Different than one log file found: 0 file(s)[0m
2024-10-16 13:28:16:         VariableAcces          : Finding log file ...[0m
2024-10-16 13:28:16: [31m        VariableAcces          : ERROR: Different than one log file found: 0 file(s)[0m
2024-10-16 13:28:17:         VariableAcces          : Finding log file ...[0m
2024-10-16 13:28:17: [31m        VariableAcces          : ERROR: Different than one log file found: 0 file(s)[0m
2024-10-16 13:28:18:         VariableAcces          : Finding log file ...[0m
2024-10-16 13:28:18: [31m        VariableAcces          : ERROR: Different than one log file found: 0 file(s)[0m
2024-10-16 13:28:19:         VariableAcces          : Finding log file ...[0m
2024-10-16 13:28:19: [31m        VariableAcces          : ERROR: Different than one log file found: 0 file(s)[0m
2024-10-16 13:28:20:         VariableAcces          : Finding log file ...[0m
2024-10-16 13:28:20: [31m        VariableAcces          : ERROR: Different than one log file found: 0 file(s)[0m
2024-10-16 13:28:21:         VariableAcces          : Finding log file ...[0m
2024-10-16 13:28:21: [31m        VariableAcces          : ERROR: Different than one log file found: 0 file(s)[0m
2024-10-16 13:28:22:         VariableAcces          : Finding log file ...[0m
2024-10-16 13:28:22: [31m        VariableAcces          : ERROR: Different than one log file found: 0 file(s)[0m
2024-10-16 13:28:23:         VariableAcces          : Finding log file ...[0m
2024-10-16 13:28:23: [31m        VariableAcces          : ERROR: Different than one log file found: 0 file(s)[0m
2024-10-16 13:28:24:         VariableAcces          : Finding log file ...[0m
2024-10-16 13:28:24: [31m        VariableAcces          : ERROR: Different than one log file found: 0 file(s)[0m
2024-10-16 13:28:25:         VariableAcces          : Finding log file ...[0m
2024-10-16 13:28:25: [31m        VariableAcces          : ERROR: Different than one log file found: 0 file(s)[0m
2024-10-16 13:28:26:         VariableAcces          : Finding log file ...[0m
2024-10-16 13:28:26: [31m        VariableAcces          : ERROR: Different than one log file found: 0 file(s)[0m
2024-10-16 13:28:27:         VariableAcces          : Finding log file ...[0m
2024-10-16 13:28:27: [31m        VariableAcces          : ERROR: Different than one log file found: 0 file(s)[0m
2024-10-16 13:28:28:         VariableAcces          : Finding log file ...[0m
2024-10-16 13:28:28: [31m        VariableAcces          : ERROR: Different than one log file found: 0 file(s)[0m
2024-10-16 13:28:29:         VariableAcces          : Finding log file ...[0m
2024-10-16 13:28:29: [31m        VariableAcces          : ERROR: Different than one log file found: 0 file(s)[0m
2024-10-16 13:28:30:         VariableAcces          : Finding log file ...[0m
2024-10-16 13:28:30: [31m        VariableAcces          : ERROR: Different than one log file found: 0 file(s)[0m
2024-10-16 13:28:31:         VariableAcces          : Finding log file ...[0m
2024-10-16 13:28:31: [31m        VariableAcces          : ERROR: Different than one log file found: 0 file(s)[0m
2024-10-16 13:28:32: [31m          LogMonitor           : Finding log file timeout[0m
2024-10-16 13:29:04:             Logger             : Init[0m
2024-10-16 13:29:04:           LogMonitor           : Init[0m
2024-10-16 13:29:04:         VariableAcces          : Init[0m
2024-10-16 13:29:04:           LogMonitor           : Monitoring log file ...[0m
2024-10-16 13:29:04:         VariableAcces          : Finding log file ...[0m
2024-10-16 13:29:04: [31m        VariableAcces          : ERROR: Different than one log file found: 0 file(s)[0m
2024-10-16 13:29:05:         VariableAcces          : Finding log file ...[0m
2024-10-16 13:29:05: [31m        VariableAcces          : ERROR: Different than one log file found: 0 file(s)[0m
2024-10-16 13:29:06:         VariableAcces          : Finding log file ...[0m
2024-10-16 13:29:06: [31m        VariableAcces          : ERROR: Different than one log file found: 0 file(s)[0m
2024-10-16 13:29:07:         VariableAcces          : Finding log file ...[0m
2024-10-16 13:29:07: [31m        VariableAcces          : ERROR: Different than one log file found: 0 file(s)[0m
2024-10-16 13:29:08:         VariableAcces          : Finding log file ...[0m
2024-10-16 13:29:08: [31m        VariableAcces          : ERROR: Different than one log file found: 0 file(s)[0m
2024-10-16 13:29:09:         VariableAcces          : Finding log file ...[0m
2024-10-16 13:29:09: [31m        VariableAcces          : ERROR: Different than one log file found: 0 file(s)[0m
2024-10-16 13:29:10:         VariableAcces          : Finding log file ...[0m
2024-10-16 13:29:10: [31m        VariableAcces          : ERROR: Different than one log file found: 0 file(s)[0m
2024-10-16 13:29:11:         VariableAcces          : Finding log file ...[0m
2024-10-16 13:29:11: [31m        VariableAcces          : ERROR: Different than one log file found: 0 file(s)[0m
2024-10-16 13:29:12:         VariableAcces          : Finding log file ...[0m
2024-10-16 13:29:12: [31m        VariableAcces          : ERROR: Different than one log file found: 0 file(s)[0m
2024-10-16 13:29:13:         VariableAcces          : Finding log file ...[0m
2024-10-16 13:29:13: [31m        VariableAcces          : ERROR: Different than one log file found: 0 file(s)[0m
2024-10-16 13:29:14:         VariableAcces          : Finding log file ...[0m
2024-10-16 13:29:14: [31m        VariableAcces          : ERROR: Different than one log file found: 0 file(s)[0m
2024-10-16 13:29:15:         VariableAcces          : Finding log file ...[0m
2024-10-16 13:29:15: [31m        VariableAcces          : ERROR: Different than one log file found: 0 file(s)[0m
2024-10-16 13:29:16:         VariableAcces          : Finding log file ...[0m
2024-10-16 13:29:16: [31m        VariableAcces          : ERROR: Different than one log file found: 0 file(s)[0m
2024-10-16 13:29:17:         VariableAcces          : Finding log file ...[0m
2024-10-16 13:29:17: [31m        VariableAcces          : ERROR: Different than one log file found: 0 file(s)[0m
2024-10-16 13:29:18:         VariableAcces          : Finding log file ...[0m
2024-10-16 13:29:18: [31m        VariableAcces          : ERROR: Different than one log file found: 0 file(s)[0m
2024-10-16 13:29:19:         VariableAcces          : Finding log file ...[0m
2024-10-16 13:29:19: [31m        VariableAcces          : ERROR: Different than one log file found: 0 file(s)[0m
2024-10-16 13:29:20:         VariableAcces          : Finding log file ...[0m
2024-10-16 13:29:20: [31m        VariableAcces          : ERROR: Different than one log file found: 0 file(s)[0m
2024-10-16 13:29:21:         VariableAcces          : Finding log file ...[0m
2024-10-16 13:29:21: [31m        VariableAcces          : ERROR: Different than one log file found: 0 file(s)[0m
2024-10-16 13:29:22:         VariableAcces          : Finding log file ...[0m
2024-10-16 13:29:22: [31m        VariableAcces          : ERROR: Different than one log file found: 0 file(s)[0m
2024-10-16 13:29:23:         VariableAcces          : Finding log file ...[0m
2024-10-16 13:29:23: [31m        VariableAcces          : ERROR: Different than one log file found: 0 file(s)[0m
2024-10-16 13:29:24:         VariableAcces          : Finding log file ...[0m
2024-10-16 13:29:24: [31m        VariableAcces          : ERROR: Different than one log file found: 0 file(s)[0m
2024-10-16 13:29:25:         VariableAcces          : Finding log file ...[0m
2024-10-16 13:29:25: [31m        VariableAcces          : ERROR: Different than one log file found: 0 file(s)[0m
2024-10-16 13:29:26:         VariableAcces          : Finding log file ...[0m
2024-10-16 13:29:26: [31m        VariableAcces          : ERROR: Different than one log file found: 0 file(s)[0m
2024-10-16 13:29:27:         VariableAcces          : Finding log file ...[0m
2024-10-16 13:29:27: [31m        VariableAcces          : ERROR: Different than one log file found: 0 file(s)[0m
2024-10-16 13:29:28:         VariableAcces          : Finding log file ...[0m
2024-10-16 13:29:28: [31m        VariableAcces          : ERROR: Different than one log file found: 0 file(s)[0m
2024-10-16 13:29:29:         VariableAcces          : Finding log file ...[0m
2024-10-16 13:29:29: [31m        VariableAcces          : ERROR: Different than one log file found: 0 file(s)[0m
2024-10-16 13:29:30:         VariableAcces          : Finding log file ...[0m
2024-10-16 13:29:30: [31m        VariableAcces          : ERROR: Different than one log file found: 0 file(s)[0m
2024-10-16 13:29:31:         VariableAcces          : Finding log file ...[0m
2024-10-16 13:29:31: [31m        VariableAcces          : ERROR: Different than one log file found: 0 file(s)[0m
2024-10-16 13:29:32:         VariableAcces          : Finding log file ...[0m
2024-10-16 13:29:32: [31m        VariableAcces          : ERROR: Different than one log file found: 0 file(s)[0m
2024-10-16 13:29:33:         VariableAcces          : Finding log file ...[0m
2024-10-16 13:29:33: [31m        VariableAcces          : ERROR: Different than one log file found: 0 file(s)[0m
2024-10-16 13:29:34: [31m          LogMonitor           : Finding log file timeout[0m
2024-10-16 13:29:42:             Logger             : Init[0m
2024-10-16 13:29:42:           LogMonitor           : Init[0m
2024-10-16 13:29:42:         VariableAcces          : Init[0m
2024-10-16 13:29:42:           LogMonitor           : Monitoring log file ...[0m
2024-10-16 13:29:42:         VariableAcces          : Finding log file ...[0m
2024-10-16 13:29:42: [31m        VariableAcces          : ERROR: Different than one log file found: 0 file(s)[0m
2024-10-16 13:29:43:         VariableAcces          : Finding log file ...[0m
2024-10-16 13:29:43: [31m        VariableAcces          : ERROR: Different than one log file found: 0 file(s)[0m
2024-10-16 13:29:44:         VariableAcces          : Finding log file ...[0m
2024-10-16 13:29:44: [31m        VariableAcces          : ERROR: Different than one log file found: 0 file(s)[0m
2024-10-16 13:29:45:         VariableAcces          : Finding log file ...[0m
2024-10-16 13:29:45: [31m        VariableAcces          : ERROR: Different than one log file found: 0 file(s)[0m
2024-10-16 13:29:46:         VariableAcces          : Finding log file ...[0m
2024-10-16 13:29:46: [31m        VariableAcces          : ERROR: Different than one log file found: 0 file(s)[0m
2024-10-16 13:29:47:         VariableAcces          : Finding log file ...[0m
2024-10-16 13:29:47: [31m        VariableAcces          : ERROR: Different than one log file found: 0 file(s)[0m
2024-10-16 13:29:48:         VariableAcces          : Finding log file ...[0m
2024-10-16 13:29:48: [31m        VariableAcces          : ERROR: Different than one log file found: 0 file(s)[0m
2024-10-16 13:29:49:         VariableAcces          : Finding log file ...[0m
2024-10-16 13:29:49: [31m        VariableAcces          : ERROR: Different than one log file found: 0 file(s)[0m
2024-10-16 13:29:50:         VariableAcces          : Finding log file ...[0m
2024-10-16 13:29:50: [31m        VariableAcces          : ERROR: Different than one log file found: 0 file(s)[0m
2024-10-16 13:29:51:         VariableAcces          : Finding log file ...[0m
2024-10-16 13:29:51: [31m        VariableAcces          : ERROR: Different than one log file found: 0 file(s)[0m
2024-10-16 13:29:52:         VariableAcces          : Finding log file ...[0m
2024-10-16 13:29:52: [31m        VariableAcces          : ERROR: Different than one log file found: 0 file(s)[0m
2024-10-16 13:29:53:         VariableAcces          : Finding log file ...[0m
2024-10-16 13:29:53: [31m        VariableAcces          : ERROR: Different than one log file found: 0 file(s)[0m
2024-10-16 13:29:54:         VariableAcces          : Finding log file ...[0m
2024-10-16 13:29:54: [31m        VariableAcces          : ERROR: Different than one log file found: 0 file(s)[0m
2024-10-16 13:29:55:         VariableAcces          : Finding log file ...[0m
2024-10-16 13:29:55: [31m        VariableAcces          : ERROR: Different than one log file found: 0 file(s)[0m
2024-10-16 13:29:56:         VariableAcces          : Finding log file ...[0m
2024-10-16 13:29:56: [31m        VariableAcces          : ERROR: Different than one log file found: 0 file(s)[0m
2024-10-16 13:29:57:         VariableAcces          : Finding log file ...[0m
2024-10-16 13:29:57: [31m        VariableAcces          : ERROR: Different than one log file found: 0 file(s)[0m
2024-10-16 13:29:58:         VariableAcces          : Finding log file ...[0m
2024-10-16 13:29:58: [31m        VariableAcces          : ERROR: Different than one log file found: 0 file(s)[0m
2024-10-16 13:29:59:         VariableAcces          : Finding log file ...[0m
2024-10-16 13:29:59: [31m        VariableAcces          : ERROR: Different than one log file found: 0 file(s)[0m
2024-10-16 13:30:00:         VariableAcces          : Finding log file ...[0m
2024-10-16 13:30:00: [31m        VariableAcces          : ERROR: Different than one log file found: 0 file(s)[0m
2024-10-16 13:30:01:         VariableAcces          : Finding log file ...[0m
2024-10-16 13:30:01: [31m        VariableAcces          : ERROR: Different than one log file found: 0 file(s)[0m
2024-10-16 13:30:02:         VariableAcces          : Finding log file ...[0m
2024-10-16 13:30:02: [31m        VariableAcces          : ERROR: Different than one log file found: 0 file(s)[0m
2024-10-16 13:30:03:         VariableAcces          : Finding log file ...[0m
2024-10-16 13:30:03: [31m        VariableAcces          : ERROR: Different than one log file found: 0 file(s)[0m
